tmp get
tmp get
tmp get
tmp get
2016年 10月 15日 土曜日 21:18:13 JST+tmp get
2016年 10月 15日 土曜日 21:21:10 JST+tmp get
2016年 10月 15日 土曜日 21:23:16 JST+tmp get
2016年 10月 15日 土曜日 21:23:22 JST+tmp get
2016年 10月 15日 土曜日 21:30:29 JST+tmp get
2016年 10月 15日 土曜日 21:33:17 JST+tmp get
2016年 10月 15日 土曜日 21:40:24 JST+tmp get
2016年 10月 15日 土曜日 21:51:27 JST+tmp get
2016年 10月 15日 土曜日 22:30:44 JST+tmp get
2016年 10月 15日 土曜日 22:31:29 JST+tmp get
2016年 10月 16日 日曜日 08:20:03 JST+tmp get
2016年 10月 16日 日曜日 08:22:19 JST+tmp get
2016年 10月 16日 日曜日 08:22:44 JST+tmp get
2016年 10月 16日 日曜日 08:54:15 JST+tmp get
2016年 10月 16日 日曜日 11:15:15 JST+tmp get
2016年 10月 16日 日曜日 12:41:46 JST+tmp get
2016年 10月 16日 日曜日 13:30:23 JST+tmp get
2016年 10月 16日 日曜日 17:51:56 JST+tmp get
2016年 10月 16日 日曜日 20:05:09 JST+tmp get
2016年 10月 16日 日曜日 20:06:41 JST+tmp get
2016年 10月 17日 月曜日 08:35:40 JST+tmp get
2016年 10月 17日 月曜日 12:17:27 JST+tmp get
2016年 10月 17日 月曜日 15:05:35 JST+tmp get
2016年 10月 17日 月曜日 16:35:13 JST+tmp get
2016年 10月 17日 月曜日 17:31:40 JST+tmp get
2016年 10月 17日 月曜日 17:53:50 JST+tmp get
2016年 10月 17日 月曜日 18:07:25 JST+tmp get
2016年 10月 17日 月曜日 19:12:04 JST+tmp get
2016年 10月 17日 月曜日 19:52:16 JST+tmp get
2016年 10月 17日 月曜日 20:08:18 JST+tmp get
2016年 10月 17日 月曜日 20:49:03 JST+tmp get
2016年 10月 17日 月曜日 21:33:08 JST+tmp get
2016年 10月 18日 火曜日 07:39:02 JST+tmp get
2016年 10月 18日 火曜日 11:05:57 JST+tmp get
2016年 10月 18日 火曜日 12:28:09 JST+tmp get
2016年 10月 18日 火曜日 14:11:12 JST+tmp get
2016年 10月 18日 火曜日 14:11:39 JST+tmp get
2016年 10月 18日 火曜日 15:07:31 JST+tmp get
2016年 10月 18日 火曜日 15:41:07 JST+tmp get
2016年 10月 18日 火曜日 16:33:41 JST+tmp get
2016年 10月 18日 火曜日 17:55:50 JST+tmp get
2016年 10月 18日 火曜日 19:35:31 JST+tmp get
2016年 10月 18日 火曜日 22:00:54 JST+tmp get
2016年 10月 19日 水曜日 07:49:56 JST+tmp get
2016年 10月 19日 水曜日 12:40:54 JST+tmp get
2016年 10月 19日 水曜日 15:29:35 JST+tmp get
2016年 10月 19日 水曜日 18:50:31 JST+tmp get
2016年 10月 20日 木曜日 09:55:07 JST+tmp get
2016年 10月 20日 木曜日 12:35:21 JST+tmp get
2016年 10月 20日 木曜日 14:50:47 JST+tmp get
2016年 10月 20日 木曜日 16:20:29 JST+tmp get
2016年 10月 20日 木曜日 17:16:21 JST+tmp get
2016年 10月 20日 木曜日 22:10:58 JST+tmp get
2016年 10月 21日 金曜日 08:58:02 JST+tmp get
2016年 10月 21日 金曜日 10:08:06 JST+tmp get
2016年 10月 21日 金曜日 12:54:17 JST+tmp get
2016年 10月 21日 金曜日 14:04:09 JST+tmp get
2016年 10月 21日 金曜日 14:28:31 JST+tmp get
2016年 10月 21日 金曜日 16:53:20 JST+tmp get
2016年 10月 21日 金曜日 19:35:27 JST+tmp get
2016年 10月 21日 金曜日 21:19:56 JST+tmp get
2016年 10月 22日 土曜日 08:33:19 JST+tmp get
2016年 10月 22日 土曜日 12:21:36 JST+tmp get
2016年 10月 22日 土曜日 15:28:38 JST+tmp get
2016年 10月 23日 日曜日 09:12:15 JST+tmp get
2016年 10月 25日 火曜日 07:43:43 JST+tmp get
2016年 10月 25日 火曜日 08:43:53 JST+tmp get
2016年 10月 25日 火曜日 11:07:12 JST+tmp get
2016年 10月 25日 火曜日 13:11:48 JST+tmp get
2016年 10月 25日 火曜日 15:50:05 JST+tmp get
2016年 10月 25日 火曜日 17:53:11 JST+tmp get
2016年 10月 25日 火曜日 20:04:59 JST+tmp get
2016年 10月 26日 水曜日 07:44:19 JST+tmp get
2016年 10月 26日 水曜日 12:56:41 JST+tmp get
2016年 10月 26日 水曜日 17:51:49 JST+tmp get
2016年 10月 26日 水曜日 21:33:24 JST+tmp get
2016年 10月 27日 木曜日 07:49:23 JST+tmp get
2016年 10月 27日 木曜日 15:50:31 JST+tmp get
2016年 10月 27日 木曜日 18:13:31 JST+tmp get
2016年 10月 28日 金曜日 14:01:57 JST+tmp get
2016年 10月 28日 金曜日 17:01:15 JST+tmp get
2016年 10月 28日 金曜日 19:33:31 JST+tmp get
2016年 10月 28日 金曜日 22:29:09 JST+tmp get
2016年 10月 29日 土曜日 20:47:21 JST+tmp get
2016年 10月 30日 日曜日 10:34:32 JST+tmp get
2016年 10月 31日 月曜日 07:53:04 JST+tmp get
2016年 10月 31日 月曜日 09:17:45 JST+tmp get
2016年 11月 1日 火曜日 10:08:02 JST+tmp get
2016年 11月 1日 火曜日 13:46:17 JST+tmp get
2016年 11月 1日 火曜日 18:55:37 JST+tmp get
2016年 11月 2日 水曜日 07:47:39 JST+tmp get
2016年 11月 2日 水曜日 13:34:40 JST+tmp get
2016年 11月 2日 水曜日 16:11:05 JST+tmp get
2016年 11月 2日 水曜日 18:08:12 JST+tmp get
2016年 11月 2日 水曜日 21:38:57 JST+tmp get
2016年 11月 3日 木曜日 09:13:51 JST+tmp get
2016年 11月 3日 木曜日 09:21:26 JST+tmp get
2016年 11月 3日 木曜日 09:22:16 JST+tmp get
2016年 11月 3日 木曜日 09:22:45 JST+tmp get
2016年 11月 3日 木曜日 09:23:14 JST+tmp get
2016年 11月 3日 木曜日 10:33:06 JST+tmp get
2016年 11月 3日 木曜日 11:23:28 JST+tmp get
2016年 11月 3日 木曜日 12:30:59 JST+tmp get
2016年 11月 3日 木曜日 12:37:22 JST+tmp get
2016年 11月 3日 木曜日 12:37:31 JST+tmp get
2016年 11月 3日 木曜日 13:56:47 JST+tmp get
2016年 11月 3日 木曜日 14:33:49 JST+tmp get
2016年 11月 4日 金曜日 08:06:24 JST+tmp get
2016年 11月 4日 金曜日 09:10:54 JST+tmp get
2016年 11月 4日 金曜日 10:51:13 JST+tmp get
2016年 11月 4日 金曜日 14:03:51 JST+tmp get
2016年 11月 4日 金曜日 17:57:01 JST+tmp get
2016年 11月 4日 金曜日 21:22:56 JST+tmp get
2016年 11月 5日 土曜日 08:41:11 JST+tmp get
2016年 11月 5日 土曜日 11:54:05 JST+tmp get
2016年 11月 5日 土曜日 13:06:49 JST+tmp get
2016年 11月 6日 日曜日 09:50:41 JST+tmp get
2016年 11月 7日 月曜日 06:44:17 JST+tmp get
2016年 11月 7日 月曜日 06:57:35 JST+tmp get
2016年 11月 7日 月曜日 10:04:33 JST+tmp get
2016年 11月 7日 月曜日 13:05:37 JST+tmp get
2016年 11月 7日 月曜日 15:27:20 JST+tmp get
2016年 11月 7日 月曜日 17:47:30 JST+tmp get
2016年 11月 7日 月曜日 20:58:59 JST+tmp get
2016年 11月 8日 火曜日 06:36:47 JST+tmp get
2016年 11月 8日 火曜日 08:44:23 JST+tmp get
2016年 11月 8日 火曜日 11:15:03 JST+tmp get
2016年 11月 8日 火曜日 12:56:09 JST+tmp get
2016年 11月 8日 火曜日 14:30:08 JST+tmp get
2016年 11月 8日 火曜日 15:23:23 JST+tmp get
2016年 11月 8日 火曜日 18:32:47 JST+tmp get
2016年 11月 9日 水曜日 06:26:55 JST+tmp get
2016年 11月 9日 水曜日 08:55:08 JST+tmp get
2016年 11月 9日 水曜日 13:14:57 JST+tmp get
2016年 11月 9日 水曜日 17:10:25 JST+tmp get
2016年 11月 9日 水曜日 18:10:05 JST+tmp get
2016年 11月 9日 水曜日 19:27:12 JST+tmp get
2016年 11月 9日 水曜日 21:59:01 JST+tmp get
2016年 11月 10日 木曜日 06:35:45 JST+tmp get
2016年 11月 10日 木曜日 07:58:20 JST+tmp get
2016年 11月 10日 木曜日 09:47:56 JST+tmp get
2016年 11月 10日 木曜日 11:38:55 JST+tmp get
2016年 11月 10日 木曜日 12:44:54 JST+tmp get
2016年 11月 10日 木曜日 13:53:30 JST+tmp get
2016年 11月 10日 木曜日 16:40:45 JST+tmp get
2016年 11月 10日 木曜日 17:06:33 JST+tmp get
2016年 11月 10日 木曜日 17:13:52 JST+tmp get
2016年 11月 10日 木曜日 17:38:09 JST+tmp get
2016年 11月 11日 金曜日 06:07:56 JST+tmp get
2016年 11月 11日 金曜日 06:42:32 JST+tmp get
2016年 11月 11日 金曜日 07:41:54 JST+tmp get
2016年 11月 11日 金曜日 10:37:50 JST+tmp get
2016年 11月 11日 金曜日 12:53:41 JST+tmp get
2016年 11月 11日 金曜日 17:23:10 JST+tmp get
2016年 11月 11日 金曜日 18:06:44 JST+tmp get
2016年 11月 12日 土曜日 06:09:58 JST+tmp get
2016年 11月 14日 月曜日 09:56:05 JST+tmp get
2016年 11月 14日 月曜日 13:28:42 JST+tmp get
2016年 11月 14日 月曜日 15:22:44 JST+tmp get
2016年 11月 14日 月曜日 16:36:48 JST+tmp get
2016年 11月 14日 月曜日 21:00:51 JST+tmp get
2016年 11月 15日 火曜日 06:53:23 JST+tmp get
2016年 11月 15日 火曜日 11:00:07 JST+tmp get
2016年 11月 15日 火曜日 14:54:12 JST+tmp get
2016年 11月 15日 火曜日 17:12:08 JST+tmp get
2016年 11月 15日 火曜日 21:26:17 JST+tmp get
2016年 11月 16日 水曜日 06:45:34 JST+tmp get
2016年 11月 16日 水曜日 14:59:47 JST+tmp get
2016年 11月 16日 水曜日 17:49:12 JST+tmp get
2016年 11月 17日 木曜日 06:21:12 JST+tmp get
2016年 11月 17日 木曜日 14:23:02 JST+tmp get
2016年 11月 17日 木曜日 16:07:49 JST+tmp get
2016年 11月 18日 金曜日 06:51:18 JST+tmp get
2016年 11月 18日 金曜日 08:38:52 JST+tmp get
2016年 11月 18日 金曜日 12:19:37 JST+tmp get
2016年 11月 19日 土曜日 13:45:36 JST+tmp get
2016年 11月 20日 日曜日 16:56:57 JST+tmp get
2016年 11月 21日 月曜日 21:04:33 JST+tmp get
2016年 11月 22日 火曜日 12:34:53 JST+tmp get
2016年 11月 22日 火曜日 18:54:53 JST+tmp get
2016年 11月 23日 水曜日 10:18:23 JST+tmp get
2016年 11月 23日 水曜日 10:58:47 JST+tmp get
2016年 11月 23日 水曜日 12:44:21 JST+tmp get
2016年 11月 23日 水曜日 13:58:09 JST+tmp get
2016年 11月 23日 水曜日 22:16:01 JST+tmp get
2016年 11月 23日 水曜日 22:32:17 JST+tmp get
2016年 11月 24日 木曜日 06:40:26 JST+tmp get
2016年 11月 24日 木曜日 09:34:46 JST+tmp get
2016年 11月 24日 木曜日 10:20:20 JST+tmp get
2016年 11月 24日 木曜日 13:11:07 JST+tmp get
2016年 11月 24日 木曜日 15:56:21 JST+tmp get
2016年 11月 24日 木曜日 17:49:19 JST+tmp get
2016年 11月 24日 木曜日 19:08:09 JST+tmp get
2016年 11月 25日 金曜日 06:29:53 JST+tmp get
2016年 11月 25日 金曜日 08:59:00 JST+tmp get
2016年 11月 25日 金曜日 12:32:12 JST+tmp get
2016年 11月 25日 金曜日 14:37:43 JST+tmp get
2016年 11月 25日 金曜日 18:20:13 JST+tmp get
2016年 11月 25日 金曜日 19:09:53 JST+tmp get
2016年 11月 26日 土曜日 04:51:59 JST+tmp get
2016年 11月 26日 土曜日 06:36:57 JST+tmp get
2016年 11月 26日 土曜日 15:04:06 JST+tmp get
2016年 11月 26日 土曜日 16:14:31 JST+tmp get
2016年 11月 27日 日曜日 06:51:32 JST+tmp get
2016年 11月 27日 日曜日 10:50:32 JST+tmp get
2016年 11月 27日 日曜日 12:56:13 JST+tmp get
2016年 11月 27日 日曜日 13:24:55 JST+tmp get
2016年 11月 28日 月曜日 06:57:52 JST+tmp get
2016年 11月 28日 月曜日 11:15:25 JST+tmp get
2016年 11月 28日 月曜日 13:30:20 JST+tmp get
2016年 11月 28日 月曜日 18:33:45 JST+tmp get
2016年 11月 29日 火曜日 06:28:18 JST+tmp get
2016年 11月 29日 火曜日 10:48:01 JST+tmp get
2016年 11月 29日 火曜日 12:59:08 JST+tmp get
2016年 11月 29日 火曜日 17:01:15 JST+tmp get
2016年 11月 30日 水曜日 08:55:05 JST+tmp get
2016年 11月 30日 水曜日 12:27:20 JST+tmp get
2016年 11月 30日 水曜日 15:26:24 JST+tmp get
2016年 11月 30日 水曜日 17:10:29 JST+tmp get
2016年 11月 30日 水曜日 18:17:01 JST+tmp get
2016年 12月 1日 木曜日 06:36:00 JST+tmp get
2016年 12月 1日 木曜日 09:09:41 JST+tmp get
2016年 12月 1日 木曜日 12:31:05 JST+tmp get
2016年 12月 2日 金曜日 06:48:04 JST+tmp get
2016年 12月 2日 金曜日 09:49:36 JST+tmp get
2016年 12月 2日 金曜日 13:50:18 JST+tmp get
2016年 12月 2日 金曜日 14:53:40 JST+tmp get
2016年 12月 2日 金曜日 17:20:41 JST+tmp get
2016年 12月 2日 金曜日 18:57:23 JST+tmp get
2016年 12月 3日 土曜日 06:44:30 JST+tmp get
2016年 12月 3日 土曜日 07:32:17 JST+tmp get
2016年 12月 3日 土曜日 09:32:46 JST+tmp get
2016年 12月 3日 土曜日 09:33:11 JST+tmp get
2016年 12月 3日 土曜日 09:49:19 JST+tmp get
2016年 12月 3日 土曜日 09:50:27 JST+tmp get
2016年 12月 3日 土曜日 09:50:45 JST+tmp get
2016年 12月 3日 土曜日 09:51:28 JST+tmp get
2016年 12月 3日 土曜日 09:54:40 JST+tmp get
2016年 12月 3日 土曜日 09:55:17 JST+tmp get
2016年 12月 3日 土曜日 10:11:00 JST+tmp get
2016年 12月 3日 土曜日 10:17:00 JST+tmp get
2016年 12月 4日 日曜日 06:30:00 JST+tmp get
2016年 12月 4日 日曜日 08:26:53 JST+tmp get
2016年 12月 4日 日曜日 21:41:27 JST+tmp get
2016年 12月 4日 日曜日 21:42:45 JST+tmp get
2016年 12月 5日 月曜日 06:30:00 JST+tmp get
2016年 12月 5日 月曜日 06:57:21 JST+tmp get
2016年 12月 5日 月曜日 15:11:00 JST+tmp get
2016年 12月 6日 火曜日 06:30:00 JST+tmp get
2016年 12月 6日 火曜日 12:58:11 JST+tmp get
2016年 12月 6日 火曜日 18:20:06 JST+tmp get
2016年 12月 6日 火曜日 19:05:38 JST+tmp get
2016年 12月 7日 水曜日 04:11:04 JST+tmp get
2016年 12月 7日 水曜日 06:30:00 JST+tmp get
2016年 12月 7日 水曜日 07:58:51 JST+tmp get
2016年 12月 7日 水曜日 08:35:57 JST+tmp get
2016年 12月 7日 水曜日 13:18:43 JST+tmp get
2016年 12月 7日 水曜日 13:36:34 JST+tmp get
2016年 12月 7日 水曜日 15:28:16 JST+tmp get
2016年 12月 7日 水曜日 15:49:55 JST+tmp get
2016年 12月 7日 水曜日 16:15:51 JST+tmp get
2016年 12月 7日 水曜日 17:20:09 JST+tmp get
2016年 12月 7日 水曜日 18:33:49 JST+tmp get
2016年 12月 7日 水曜日 22:22:49 JST+tmp get
2016年 12月 8日 木曜日 06:30:00 JST+tmp get
2016年 12月 8日 木曜日 10:07:27 JST+tmp get
2016年 12月 8日 木曜日 10:33:25 JST+tmp get
2016年 12月 8日 木曜日 13:41:52 JST+tmp get
2016年 12月 8日 木曜日 14:15:07 JST+tmp get
2016年 12月 8日 木曜日 14:40:06 JST+tmp get
2016年 12月 8日 木曜日 15:22:10 JST+tmp get
2016年 12月 8日 木曜日 22:08:04 JST+tmp get
2016年 12月 9日 金曜日 06:30:00 JST+tmp get
2016年 12月 9日 金曜日 13:32:52 JST+tmp get
2016年 12月 10日 土曜日 06:30:00 JST+tmp get
2016年 12月 11日 日曜日 06:54:55 JST+tmp get
2016年 12月 11日 日曜日 07:33:56 JST+tmp get
2016年 12月 11日 日曜日 10:47:47 JST+tmp get
2016年 12月 11日 日曜日 17:54:53 JST+tmp get
2016年 12月 11日 日曜日 21:38:29 JST+tmp get
2016年 12月 12日 月曜日 06:30:01 JST+tmp get
2016年 12月 12日 月曜日 09:50:37 JST+tmp get
2016年 12月 12日 月曜日 10:51:31 JST+tmp get
2016年 12月 12日 月曜日 12:15:22 JST+tmp get
2016年 12月 12日 月曜日 13:28:23 JST+tmp get
2016年 12月 12日 月曜日 16:26:19 JST+tmp get
2016年 12月 12日 月曜日 18:50:51 JST+tmp get
2016年 12月 13日 火曜日 06:30:00 JST+tmp get
2016年 12月 13日 火曜日 10:08:54 JST+tmp get
2016年 12月 13日 火曜日 13:41:14 JST+tmp get
2016年 12月 13日 火曜日 17:46:08 JST+tmp get
2016年 12月 13日 火曜日 22:54:05 JST+tmp get
2016年 12月 14日 水曜日 06:30:00 JST+tmp get
2016年 12月 14日 水曜日 10:13:58 JST+tmp get
2016年 12月 14日 水曜日 13:35:37 JST+tmp get
2016年 12月 15日 木曜日 06:30:00 JST+tmp get
2016年 12月 15日 木曜日 09:20:45 JST+tmp get
2016年 12月 15日 木曜日 13:07:35 JST+tmp get
2016年 12月 15日 木曜日 14:51:46 JST+tmp get
2016年 12月 15日 木曜日 20:44:52 JST+tmp get
2016年 12月 16日 金曜日 06:30:00 JST+tmp get
2016年 12月 16日 金曜日 09:23:03 JST+tmp get
2016年 12月 16日 金曜日 13:18:35 JST+tmp get
2016年 12月 16日 金曜日 17:26:56 JST+tmp get
2016年 12月 16日 金曜日 18:35:16 JST+tmp get
2016年 12月 17日 土曜日 06:30:00 JST+tmp get
2016年 12月 17日 土曜日 15:35:36 JST+tmp get
2016年 12月 18日 日曜日 05:49:33 JST+tmp get
2016年 12月 18日 日曜日 08:10:15 JST+tmp get
2016年 12月 19日 月曜日 06:30:00 JST+tmp get
2016年 12月 19日 月曜日 13:55:00 JST+tmp get
2016年 12月 20日 火曜日 06:30:00 JST+tmp get
2016年 12月 20日 火曜日 12:51:50 JST+tmp get
2016年 12月 20日 火曜日 22:50:47 JST+tmp get
2016年 12月 21日 水曜日 06:30:00 JST+tmp get
2016年 12月 21日 水曜日 14:29:22 JST+tmp get
2016年 12月 22日 木曜日 06:30:00 JST+tmp get
2016年 12月 22日 木曜日 15:19:06 JST+tmp get
2016年 12月 22日 木曜日 16:05:10 JST+tmp get
2016年 12月 22日 木曜日 23:13:39 JST+tmp get
2016年 12月 24日 土曜日 06:30:00 JST+tmp get
2016年 12月 25日 日曜日 08:13:05 JST+tmp get
2016年 12月 26日 月曜日 06:30:00 JST+tmp get
2016年 12月 27日 火曜日 06:30:00 JST+tmp get
2016年 12月 27日 火曜日 15:31:37 JST+tmp get
2016年 12月 27日 火曜日 19:13:37 JST+tmp get
2016年 12月 27日 火曜日 20:28:00 JST+tmp get
2016年 12月 28日 水曜日 06:30:00 JST+tmp get
2016年 12月 28日 水曜日 07:02:41 JST+tmp get
2016年 12月 28日 水曜日 11:22:44 JST+tmp get
2016年 12月 28日 水曜日 11:32:17 JST+tmp get
2016年 12月 29日 木曜日 06:30:00 JST+tmp get
2016年 12月 30日 金曜日 06:30:00 JST+tmp get
2016年 12月 30日 金曜日 12:06:19 JST+tmp get
2016年 12月 31日 土曜日 06:30:00 JST+tmp get
2016年 12月 31日 土曜日 19:16:07 JST+tmp get
2017年 1月 1日 日曜日 06:30:00 JST+tmp get
2017年 1月 1日 日曜日 07:46:08 JST+tmp get
2017年 1月 1日 日曜日 08:36:51 JST+tmp get
2017年 1月 1日 日曜日 12:53:15 JST+tmp get
2017年 1月 1日 日曜日 15:59:54 JST+tmp get
2017年 1月 1日 日曜日 19:50:48 JST+tmp get
2017年 1月 1日 日曜日 21:20:31 JST+tmp get
2017年 1月 2日 月曜日 08:47:18 JST+tmp get
2017年 1月 2日 月曜日 09:50:41 JST+tmp get
2017年 1月 2日 月曜日 13:01:37 JST+tmp get
2017年 1月 2日 月曜日 14:46:42 JST+tmp get
2017年 1月 2日 月曜日 16:32:21 JST+tmp get
2017年 1月 2日 月曜日 18:53:01 JST+tmp get
2017年 1月 2日 月曜日 21:13:21 JST+tmp get
2017年 1月 3日 火曜日 08:31:56 JST+tmp get
2017年 1月 4日 水曜日 07:36:53 JST+tmp get
2017年 1月 5日 木曜日 06:30:00 JST+tmp get
2017年 1月 5日 木曜日 12:33:52 JST+tmp get
2017年 1月 6日 金曜日 06:30:00 JST+tmp get
2017年 1月 6日 金曜日 08:29:30 JST+tmp get
2017年 1月 6日 金曜日 12:50:23 JST+tmp get
2017年 1月 7日 土曜日 06:30:00 JST+tmp get
2017年 1月 9日 月曜日 07:22:41 JST+tmp get
2017年 1月 9日 月曜日 18:29:49 JST+tmp get
2017年 1月 10日 火曜日 06:30:00 JST+tmp get
2017年 1月 10日 火曜日 09:56:09 JST+tmp get
2017年 1月 10日 火曜日 13:27:54 JST+tmp get
2017年 1月 10日 火曜日 15:28:16 JST+tmp get
2017年 1月 10日 火曜日 17:00:57 JST+tmp get
2017年 1月 11日 水曜日 06:30:00 JST+tmp get
2017年 1月 11日 水曜日 10:05:22 JST+tmp get
2017年 1月 11日 水曜日 15:28:12 JST+tmp get
2017年 1月 11日 水曜日 20:40:17 JST+tmp get
2017年 1月 12日 木曜日 06:30:00 JST+tmp get
2017年 1月 12日 木曜日 12:57:34 JST+tmp get
2017年 1月 12日 木曜日 14:40:49 JST+tmp get
2017年 1月 12日 木曜日 22:30:32 JST+tmp get
2017年 1月 13日 金曜日 06:30:00 JST+tmp get
2017年 1月 13日 金曜日 07:49:20 JST+tmp get
2017年 1月 13日 金曜日 11:17:25 JST+tmp get
2017年 1月 13日 金曜日 16:09:47 JST+tmp get
2017年 1月 14日 土曜日 06:30:00 JST+tmp get
2017年 1月 15日 日曜日 07:36:02 JST+tmp get
2017年 1月 15日 日曜日 08:27:33 JST+tmp get
2017年 1月 15日 日曜日 11:23:49 JST+tmp get
2017年 1月 16日 月曜日 06:30:00 JST+tmp get
2017年 1月 16日 月曜日 10:32:31 JST+tmp get
2017年 1月 16日 月曜日 12:57:54 JST+tmp get
2017年 1月 17日 火曜日 06:30:00 JST+tmp get
2017年 1月 17日 火曜日 09:51:39 JST+tmp get
2017年 1月 17日 火曜日 14:38:40 JST+tmp get
2017年 1月 17日 火曜日 18:50:47 JST+tmp get
2017年 1月 18日 水曜日 06:30:00 JST+tmp get
2017年 1月 18日 水曜日 08:54:07 JST+tmp get
2017年 1月 18日 水曜日 11:18:23 JST+tmp get
2017年 1月 18日 水曜日 13:52:18 JST+tmp get
2017年 1月 19日 木曜日 06:30:00 JST+tmp get
2017年 1月 19日 木曜日 11:02:11 JST+tmp get
2017年 1月 20日 金曜日 06:30:00 JST+tmp get
2017年 1月 21日 土曜日 06:30:00 JST+tmp get
2017年 1月 21日 土曜日 16:59:25 JST+tmp get
2017年 1月 22日 日曜日 07:05:01 JST+tmp get
2017年 1月 23日 月曜日 06:30:00 JST+tmp get
2017年 1月 23日 月曜日 17:48:43 JST+tmp get
2017年 1月 24日 火曜日 06:30:00 JST+tmp get
2017年 1月 24日 火曜日 17:54:10 JST+tmp get
2017年 1月 24日 火曜日 22:27:20 JST+tmp get
2017年 1月 25日 水曜日 06:30:00 JST+tmp get
2017年 1月 25日 水曜日 11:31:18 JST+tmp get
2017年 1月 25日 水曜日 14:10:14 JST+tmp get
2017年 1月 26日 木曜日 06:30:00 JST+tmp get
2017年 1月 26日 木曜日 12:10:44 JST+tmp get
2017年 1月 26日 木曜日 21:57:10 JST+tmp get
2017年 1月 27日 金曜日 06:30:00 JST+tmp get
2017年 1月 28日 土曜日 06:30:00 JST+tmp get
2017年 1月 28日 土曜日 15:04:42 JST+tmp get
2017年 1月 29日 日曜日 08:09:02 JST+tmp get
2017年 1月 29日 日曜日 08:45:27 JST+tmp get
2017年 1月 30日 月曜日 06:30:00 JST+tmp get
2017年 1月 31日 火曜日 06:30:00 JST+tmp get
2017年 2月 1日 水曜日 06:30:00 JST+tmp get
2017年 2月 1日 水曜日 17:55:01 JST+tmp get
2017年 2月 2日 木曜日 06:30:00 JST+tmp get
2017年 2月 3日 金曜日 06:30:00 JST+tmp get
2017年 2月 4日 土曜日 06:30:00 JST+tmp get
2017年 2月 4日 土曜日 20:13:27 JST+tmp get
2017年 2月 5日 日曜日 10:20:00 JST+tmp get
2017年 2月 6日 月曜日 06:30:00 JST+tmp get
2017年 2月 6日 月曜日 11:01:28 JST+tmp get
2017年 2月 6日 月曜日 15:12:41 JST+tmp get
2017年 2月 6日 月曜日 18:33:23 JST+tmp get
2017年 2月 7日 火曜日 06:30:00 JST+tmp get
2017年 2月 7日 火曜日 10:17:38 JST+tmp get
2017年 2月 7日 火曜日 13:23:20 JST+tmp get
2017年 2月 7日 火曜日 17:13:25 JST+tmp get
2017年 2月 8日 水曜日 06:30:00 JST+tmp get
2017年 2月 8日 水曜日 08:35:02 JST+tmp get
2017年 2月 8日 水曜日 15:41:16 JST+tmp get
2017年 2月 9日 木曜日 06:30:00 JST+tmp get
2017年 2月 9日 木曜日 12:04:00 JST+tmp get
2017年 2月 9日 木曜日 15:42:05 JST+tmp get
2017年 2月 10日 金曜日 06:30:00 JST+tmp get
2017年 2月 10日 金曜日 13:09:59 JST+tmp get
2017年 2月 10日 金曜日 19:04:22 JST+tmp get
2017年 2月 10日 金曜日 19:07:13 JST+tmp get
2017年 2月 10日 金曜日 19:17:31 JST+tmp get
2017年 2月 11日 土曜日 07:08:43 JST+tmp get
2017年 2月 11日 土曜日 07:37:49 JST+tmp get
2017年 2月 11日 土曜日 08:17:55 JST+tmp get
2017年 2月 12日 日曜日 06:44:23 JST+tmp get
2017年 2月 12日 日曜日 07:08:36 JST+tmp get
2017年 2月 13日 月曜日 06:30:00 JST+tmp get
2017年 2月 13日 月曜日 09:52:05 JST+tmp get
2017年 2月 13日 月曜日 14:20:02 JST+tmp get
2017年 2月 14日 火曜日 06:30:00 JST+tmp get
2017年 2月 14日 火曜日 11:10:26 JST+tmp get
2017年 2月 14日 火曜日 17:06:42 JST+tmp get
2017年 2月 15日 水曜日 06:30:00 JST+tmp get
2017年 2月 15日 水曜日 09:43:50 JST+tmp get
2017年 2月 16日 木曜日 06:30:00 JST+tmp get
2017年 2月 17日 金曜日 06:30:00 JST+tmp get
2017年 2月 17日 金曜日 18:28:30 JST+tmp get
2017年 2月 18日 土曜日 06:30:00 JST+tmp get
2017年 2月 19日 日曜日 06:30:00 JST+tmp get
2017年 2月 20日 月曜日 06:30:00 JST+tmp get
2017年 2月 21日 火曜日 06:30:00 JST+tmp get
2017年 2月 21日 火曜日 06:56:26 JST+tmp get
2017年 2月 21日 火曜日 18:31:19 JST+tmp get
2017年 2月 21日 火曜日 18:31:52 JST+tmp get
2017年 2月 22日 水曜日 06:30:00 JST+tmp get
2017年 2月 22日 水曜日 06:53:10 JST+tmp get
2017年 2月 23日 木曜日 06:30:00 JST+tmp get
2017年 2月 24日 金曜日 06:30:00 JST+tmp get
2017年 2月 24日 金曜日 12:11:43 JST+tmp get
2017年 2月 25日 土曜日 06:30:00 JST+tmp get
2017年 2月 25日 土曜日 07:03:11 JST+tmp get
2017年 2月 27日 月曜日 06:41:48 JST+tmp get
2017年 2月 27日 月曜日 12:25:57 JST+tmp get
2017年 2月 28日 火曜日 06:30:00 JST+tmp get
2017年 2月 28日 火曜日 06:52:29 JST+tmp get
2017年 2月 28日 火曜日 12:24:40 JST+tmp get
2017年 2月 28日 火曜日 18:13:48 JST+tmp get
2017年 2月 28日 火曜日 18:13:57 JST+tmp get
2017年 3月 1日 水曜日 06:30:00 JST+tmp get
2017年 3月 1日 水曜日 06:44:46 JST+tmp get
2017年 3月 1日 水曜日 21:14:00 JST+tmp get
2017年 3月 1日 水曜日 21:14:15 JST+tmp get
2017年 3月 2日 木曜日 06:30:00 JST+tmp get
2017年 3月 2日 木曜日 06:35:16 JST+tmp get
2017年 3月 3日 金曜日 06:30:00 JST+tmp get
2017年 3月 4日 土曜日 06:30:00 JST+tmp get
2017年 3月 4日 土曜日 15:33:10 JST+tmp get
2017年 3月 5日 日曜日 06:30:00 JST+tmp get
2017年 3月 6日 月曜日 06:30:00 JST+tmp get
2017年 3月 7日 火曜日 06:30:00 JST+tmp get
2017年 3月 8日 水曜日 06:30:00 JST+tmp get
2017年 3月 8日 水曜日 06:52:48 JST+tmp get
2017年 3月 9日 木曜日 06:30:00 JST+tmp get
2017年 3月 9日 木曜日 06:50:46 JST+tmp get
2017年 3月 10日 金曜日 06:30:00 JST+tmp get
2017年 3月 10日 金曜日 06:36:29 JST+tmp get
2017年 3月 10日 金曜日 12:17:34 JST+tmp get
2017年 3月 11日 土曜日 06:30:00 JST+tmp get
2017年 3月 11日 土曜日 06:55:02 JST+tmp get
2017年 3月 11日 土曜日 11:16:34 JST+tmp get
2017年 3月 11日 土曜日 12:56:47 JST+tmp get
2017年 3月 12日 日曜日 07:48:00 JST+tmp get
2017年 3月 12日 日曜日 11:57:45 JST+tmp get
2017年 3月 13日 月曜日 06:30:00 JST+tmp get
2017年 3月 13日 月曜日 12:56:22 JST+tmp get
2017年 3月 14日 火曜日 06:30:00 JST+tmp get
2017年 3月 14日 火曜日 06:56:45 JST+tmp get
2017年 3月 14日 火曜日 09:54:59 JST+tmp get
2017年 3月 14日 火曜日 15:50:05 JST+tmp get
2017年 3月 14日 火曜日 18:51:44 JST+tmp get
2017年 3月 15日 水曜日 06:30:00 JST+tmp get
2017年 3月 16日 木曜日 06:30:00 JST+tmp get
2017年 3月 17日 金曜日 06:30:00 JST+tmp get
2017年 3月 17日 金曜日 06:33:44 JST+tmp get
2017年 3月 17日 金曜日 06:36:02 JST+tmp get
2017年 3月 18日 土曜日 06:30:00 JST+tmp get
2017年 3月 20日 月曜日 06:20:08 JST+tmp get
2017年 3月 20日 月曜日 11:00:24 JST+tmp get
2017年 3月 21日 火曜日 06:27:24 JST+tmp get
2017年 3月 21日 火曜日 06:30:00 JST+tmp get
2017年 3月 21日 火曜日 11:12:15 JST+tmp get
2017年 3月 21日 火曜日 15:42:18 JST+tmp get
2017年 3月 22日 水曜日 06:30:00 JST+tmp get
2017年 3月 23日 木曜日 06:30:00 JST+tmp get
2017年 3月 24日 金曜日 06:30:00 JST+tmp get
2017年 3月 24日 金曜日 06:46:42 JST+tmp get
2017年 3月 25日 土曜日 06:30:00 JST+tmp get
2017年 3月 25日 土曜日 06:32:32 JST+tmp get
2017年 3月 25日 土曜日 13:28:19 JST+tmp get
2017年 3月 25日 土曜日 13:47:55 JST+tmp get
2017年 3月 25日 土曜日 13:48:54 JST+tmp get
2017年 3月 25日 土曜日 13:48:57 JST+tmp get
2017年 3月 25日 土曜日 13:49:14 JST+tmp get
2017年 3月 25日 土曜日 13:49:15 JST+tmp get
2017年 3月 25日 土曜日 13:49:21 JST+tmp get
2017年 3月 25日 土曜日 13:49:23 JST+tmp get
2017年 3月 25日 土曜日 13:49:28 JST+tmp get
2017年 3月 25日 土曜日 13:49:30 JST+tmp get
2017年 3月 25日 土曜日 13:49:33 JST+tmp get
2017年 3月 25日 土曜日 13:49:35 JST+tmp get
2017年 3月 28日 火曜日 06:30:00 JST+tmp get
2017年 3月 29日 水曜日 06:30:00 JST+tmp get
2017年 3月 30日 木曜日 06:30:00 JST+tmp get
2017年 3月 31日 金曜日 06:30:00 JST+tmp get
2017年 3月 31日 金曜日 14:38:19 JST+tmp get
2017年 3月 31日 金曜日 18:11:16 JST+tmp get
2017年 3月 31日 金曜日 18:22:06 JST+tmp get
2017年 3月 31日 金曜日 18:26:50 JST+tmp get
2017年 4月 1日 土曜日 06:30:00 JST+tmp get
2017年 4月 1日 土曜日 06:39:23 JST+tmp get
2017年 4月 1日 土曜日 17:26:56 JST+tmp get
2017年 4月 2日 日曜日 07:19:43 JST+tmp get
2017年 4月 3日 月曜日 06:30:00 JST+tmp get
2017年 4月 3日 月曜日 12:51:55 JST+tmp get
2017年 4月 4日 火曜日 06:30:00 JST+tmp get
2017年 4月 5日 水曜日 06:30:00 JST+tmp get
2017年 4月 5日 水曜日 17:56:20 JST+tmp get
2017年 4月 6日 木曜日 06:30:00 JST+tmp get
2017年 4月 6日 木曜日 14:02:16 JST+tmp get
2017年 4月 7日 金曜日 06:30:00 JST+tmp get
2017年 4月 7日 金曜日 20:18:23 JST+tmp get
2017年 4月 8日 土曜日 06:30:00 JST+tmp get
2017年 4月 8日 土曜日 13:37:20 JST+tmp get
2017年 4月 8日 土曜日 13:37:49 JST+tmp get
2017年 4月 8日 土曜日 13:39:53 JST+tmp get
2017年 4月 9日 日曜日 06:30:00 JST+tmp get
2017年 4月 10日 月曜日 06:30:00 JST+tmp get
2017年 4月 11日 火曜日 06:30:00 JST+tmp get
2017年 4月 11日 火曜日 18:44:48 JST+tmp get
2017年 4月 12日 水曜日 06:30:00 JST+tmp get
2017年 4月 12日 水曜日 16:49:04 JST+tmp get
2017年 4月 13日 木曜日 06:30:00 JST+tmp get
2017年 4月 13日 木曜日 21:47:51 JST+tmp get
2017年 4月 14日 金曜日 06:30:00 JST+tmp get
2017年 4月 14日 金曜日 16:54:21 JST+tmp get
2017年 4月 15日 土曜日 06:30:00 JST+tmp get
2017年 4月 16日 日曜日 06:30:00 JST+tmp get
2017年 4月 17日 月曜日 06:30:00 JST+tmp get
2017年 4月 17日 月曜日 11:01:52 JST+tmp get
2017年 4月 18日 火曜日 06:30:00 JST+tmp get
2017年 4月 18日 火曜日 11:49:03 JST+tmp get
2017年 4月 18日 火曜日 17:56:56 JST+tmp get
2017年 4月 19日 水曜日 06:30:00 JST+tmp get
2017年 4月 20日 木曜日 06:30:00 JST+tmp get
2017年 4月 21日 金曜日 06:30:00 JST+tmp get
2017年 4月 22日 土曜日 06:30:00 JST+tmp get
2017年 4月 23日 日曜日 06:30:00 JST+tmp get
2017年 4月 24日 月曜日 06:30:00 JST+tmp get
2017年 4月 25日 火曜日 06:30:00 JST+tmp get
2017年 4月 25日 火曜日 18:27:53 JST+tmp get
2017年 4月 26日 水曜日 06:30:00 JST+tmp get
2017年 4月 27日 木曜日 06:30:00 JST+tmp get
2017年 4月 27日 木曜日 18:16:15 JST+tmp get
2017年 4月 27日 木曜日 22:24:55 JST+tmp get
2017年 4月 28日 金曜日 06:30:00 JST+tmp get
2017年 4月 28日 金曜日 15:49:38 JST+tmp get
2017年 4月 28日 金曜日 17:58:43 JST+tmp get
2017年 4月 29日 土曜日 06:30:00 JST+tmp get
2017年 4月 29日 土曜日 20:21:19 JST+tmp get
2017年 4月 30日 日曜日 06:30:00 JST+tmp get
2017年 5月 1日 月曜日 06:30:00 JST+tmp get
2017年 5月 2日 火曜日 06:30:00 JST+tmp get
2017年 5月 3日 水曜日 06:30:00 JST+tmp get
2017年 5月 3日 水曜日 11:32:24 JST+tmp get
2017年 5月 3日 水曜日 18:00:09 JST+tmp get
2017年 5月 3日 水曜日 20:20:26 JST+tmp get
2017年 5月 3日 水曜日 22:00:17 JST+tmp get
2017年 5月 4日 木曜日 07:18:49 JST+tmp get
2017年 5月 4日 木曜日 15:41:52 JST+tmp get
2017年 5月 4日 木曜日 20:11:35 JST+tmp get
2017年 5月 4日 木曜日 20:12:02 JST+tmp get
2017年 5月 4日 木曜日 20:25:00 JST+tmp get
2017年 5月 4日 木曜日 20:30:12 JST+tmp get
2017年 5月 4日 木曜日 20:37:31 JST+tmp get
2017年 5月 5日 金曜日 06:30:00 JST+tmp get
2017年 5月 5日 金曜日 12:13:53 JST+tmp get
2017年 5月 5日 金曜日 13:49:00 JST+tmp get
2017年 5月 5日 金曜日 14:17:43 JST+tmp get
2017年 5月 6日 土曜日 06:30:00 JST+tmp get
2017年 5月 7日 日曜日 06:30:00 JST+tmp get
2017年 5月 7日 日曜日 15:13:21 JST+tmp get
2017年 5月 8日 月曜日 06:30:00 JST+tmp get
2017年 5月 8日 月曜日 15:39:43 JST+tmp get
2017年 5月 9日 火曜日 06:30:00 JST+tmp get
2017年 5月 10日 水曜日 06:30:00 JST+tmp get
2017年 5月 11日 木曜日 06:30:00 JST+tmp get
2017年 5月 11日 木曜日 13:20:58 JST+tmp get
2017年 5月 12日 金曜日 06:30:01 JST+tmp get
2017年 5月 12日 金曜日 19:02:22 JST+tmp get
2017年 5月 13日 土曜日 06:30:01 JST+tmp get
2017年 5月 14日 日曜日 06:30:01 JST+tmp get
2017年 5月 15日 月曜日 06:30:01 JST+tmp get
2017年 5月 15日 月曜日 16:46:43 JST+tmp get
2017年 5月 16日 火曜日 06:30:01 JST+tmp get
2017年 5月 17日 水曜日 06:30:01 JST+tmp get
2017年 5月 18日 木曜日 06:30:01 JST+tmp get
2017年 5月 19日 金曜日 06:30:01 JST+tmp get
2017年 5月 19日 金曜日 10:21:14 JST+tmp get
2017年 5月 20日 土曜日 06:30:01 JST+tmp get
2017年 5月 20日 土曜日 10:33:45 JST+tmp get
2017年 5月 20日 土曜日 10:54:34 JST+tmp get
2017年 5月 20日 土曜日 15:32:56 JST+tmp get
2017年 5月 20日 土曜日 15:50:44 JST+tmp get
2017年 5月 20日 土曜日 16:41:50 JST+tmp get
2017年 5月 20日 土曜日 19:16:37 JST+tmp get
2017年 5月 21日 日曜日 06:30:00 JST+tmp get
2017年 5月 22日 月曜日 06:30:00 JST+tmp get
2017年 5月 22日 月曜日 12:08:51 JST+tmp get
2017年 5月 22日 月曜日 16:23:21 JST+tmp get
2017年 5月 23日 火曜日 06:30:00 JST+tmp get
2017年 5月 23日 火曜日 08:56:13 JST+tmp get
2017年 5月 23日 火曜日 09:38:31 JST+tmp get
2017年 5月 23日 火曜日 10:31:54 JST+tmp get
2017年 5月 23日 火曜日 12:05:04 JST+tmp get
2017年 5月 23日 火曜日 13:18:50 JST+tmp get
2017年 5月 23日 火曜日 15:59:46 JST+tmp get
2017年 5月 23日 火曜日 17:55:47 JST+tmp get
2017年 5月 24日 水曜日 06:30:00 JST+tmp get
2017年 5月 25日 木曜日 06:30:00 JST+tmp get
2017年 5月 26日 金曜日 06:30:00 JST+tmp get
2017年 5月 27日 土曜日 06:30:00 JST+tmp get
2017年 5月 28日 日曜日 06:30:00 JST+tmp get
2017年 5月 29日 月曜日 06:30:00 JST+tmp get
2017年 5月 29日 月曜日 12:56:09 JST+tmp get
2017年 5月 30日 火曜日 06:30:00 JST+tmp get
2017年 5月 30日 火曜日 12:53:02 JST+tmp get
2017年 5月 31日 水曜日 06:30:00 JST+tmp get
2017年 5月 31日 水曜日 11:18:19 JST+tmp get
2017年 6月 1日 木曜日 06:30:00 JST+tmp get
2017年 6月 2日 金曜日 06:30:00 JST+tmp get
2017年 6月 3日 土曜日 06:30:00 JST+tmp get
2017年 6月 4日 日曜日 06:30:00 JST+tmp get
2017年 6月 5日 月曜日 06:30:00 JST+tmp get
2017年 6月 6日 火曜日 06:30:00 JST+tmp get
2017年 6月 7日 水曜日 06:30:00 JST+tmp get
2017年 6月 8日 木曜日 06:30:00 JST+tmp get
2017年 6月 9日 金曜日 06:30:00 JST+tmp get
2017年 6月 9日 金曜日 13:12:00 JST+tmp get
2017年 6月 10日 土曜日 06:30:00 JST+tmp get
2017年 6月 10日 土曜日 12:37:52 JST+tmp get
2017年 6月 11日 日曜日 06:30:00 JST+tmp get
2017年 6月 12日 月曜日 07:07:02 JST+tmp get
2017年 6月 13日 火曜日 06:30:00 JST+tmp get
2017年 6月 13日 火曜日 16:35:25 JST+tmp get
2017年 6月 14日 水曜日 06:30:00 JST+tmp get
2017年 6月 15日 木曜日 06:30:00 JST+tmp get
2017年 6月 16日 金曜日 06:30:00 JST+tmp get
2017年 6月 16日 金曜日 10:53:34 JST+tmp get
2017年 6月 17日 土曜日 06:30:00 JST+tmp get
2017年 6月 17日 土曜日 11:49:41 JST+tmp get
2017年 6月 17日 土曜日 14:48:43 JST+tmp get
2017年 6月 18日 日曜日 06:30:00 JST+tmp get
2017年 6月 18日 日曜日 13:04:47 JST+tmp get
2017年 6月 19日 月曜日 06:30:00 JST+tmp get
2017年 6月 20日 火曜日 06:30:00 JST+tmp get
2017年 6月 21日 水曜日 06:30:00 JST+tmp get
2017年 6月 21日 水曜日 12:44:40 JST+tmp get
2017年 6月 22日 木曜日 06:30:00 JST+tmp get
2017年 6月 23日 金曜日 06:30:00 JST+tmp get
2017年 6月 24日 土曜日 06:30:00 JST+tmp get
2017年 6月 25日 日曜日 06:30:00 JST+tmp get
2017年 6月 26日 月曜日 06:30:00 JST+tmp get
2017年 6月 27日 火曜日 06:30:00 JST+tmp get
2017年 6月 28日 水曜日 06:30:00 JST+tmp get
2017年 6月 29日 木曜日 06:30:00 JST+tmp get
2017年 6月 30日 金曜日 06:30:00 JST+tmp get
2017年 7月 1日 土曜日 06:30:00 JST+tmp get
2017年 7月 1日 土曜日 15:40:45 JST+tmp get
2017年 7月 1日 土曜日 20:24:14 JST+tmp get
2017年 7月 2日 日曜日 06:30:00 JST+tmp get
2017年 7月 2日 日曜日 07:54:56 JST+tmp get
2017年 7月 2日 日曜日 12:13:48 JST+tmp get
2017年 7月 2日 日曜日 12:15:40 JST+tmp get
2017年 7月 2日 日曜日 12:17:17 JST+tmp get
2017年 7月 2日 日曜日 12:18:57 JST+tmp get
2017年 7月 2日 日曜日 12:19:30 JST+tmp get
2017年 7月 2日 日曜日 12:23:34 JST+tmp get
2017年 7月 2日 日曜日 12:25:51 JST+tmp get
2017年 7月 2日 日曜日 12:29:32 JST+tmp get
2017年 7月 2日 日曜日 12:39:47 JST+tmp get
2017年 7月 2日 日曜日 13:01:36 JST+tmp get
2017年 7月 2日 日曜日 13:51:13 JST+tmp get
2017年 7月 3日 月曜日 06:30:00 JST+tmp get
2017年 7月 3日 月曜日 12:25:18 JST+tmp get
2017年 7月 3日 月曜日 14:51:07 JST+tmp get
2017年 7月 3日 月曜日 18:06:57 JST+tmp get
2017年 7月 3日 月曜日 18:12:57 JST+tmp get
2017年 7月 3日 月曜日 19:32:24 JST+tmp get
2017年 7月 3日 月曜日 20:41:43 JST+tmp get
2017年 7月 4日 火曜日 06:30:00 JST+tmp get
2017年 7月 4日 火曜日 07:28:19 JST+tmp get
2017年 7月 4日 火曜日 12:31:32 JST+tmp get
2017年 7月 4日 火曜日 17:45:25 JST+tmp get
2017年 7月 5日 水曜日 06:30:00 JST+tmp get
2017年 7月 6日 木曜日 06:30:00 JST+tmp get
2017年 7月 7日 金曜日 06:30:00 JST+tmp get
2017年 7月 8日 土曜日 06:30:00 JST+tmp get
2017年 7月 9日 日曜日 06:30:00 JST+tmp get
2017年 7月 10日 月曜日 06:30:00 JST+tmp get
2017年 7月 11日 火曜日 06:30:00 JST+tmp get
2017年 7月 11日 火曜日 12:40:36 JST+tmp get
2017年 7月 11日 火曜日 13:58:02 JST+tmp get
2017年 7月 11日 火曜日 14:44:32 JST+tmp get
2017年 7月 11日 火曜日 18:49:07 JST+tmp get
2017年 7月 11日 火曜日 18:49:08 JST+tmp get
2017年 7月 11日 火曜日 18:56:24 JST+tmp get
2017年 7月 11日 火曜日 19:09:02 JST+tmp get
2017年 7月 11日 火曜日 19:20:35 JST+tmp get
2017年 7月 12日 水曜日 06:30:00 JST+tmp get
2017年 7月 12日 水曜日 11:25:19 JST+tmp get
2017年 7月 12日 水曜日 17:55:59 JST+tmp get
2017年 7月 12日 水曜日 18:16:10 JST+tmp get
2017年 7月 12日 水曜日 18:49:42 JST+tmp get
2017年 7月 12日 水曜日 19:08:41 JST+tmp get
2017年 7月 13日 木曜日 06:30:00 JST+tmp get
2017年 7月 13日 木曜日 16:39:32 JST+tmp get
2017年 7月 14日 金曜日 06:30:00 JST+tmp get
2017年 7月 14日 金曜日 15:10:18 JST+tmp get
2017年 7月 14日 金曜日 17:35:09 JST+tmp get
2017年 7月 14日 金曜日 18:14:18 JST+tmp get
2017年 7月 14日 金曜日 18:35:31 JST+tmp get
2017年 7月 15日 土曜日 06:30:00 JST+tmp get
2017年 7月 15日 土曜日 13:33:19 JST+tmp get
2017年 7月 15日 土曜日 14:40:38 JST+tmp get
2017年 7月 15日 土曜日 14:50:27 JST+tmp get
2017年 7月 15日 土曜日 15:06:54 JST+tmp get
2017年 7月 15日 土曜日 15:30:33 JST+tmp get
2017年 7月 16日 日曜日 06:30:00 JST+tmp get
2017年 7月 16日 日曜日 17:03:04 JST+tmp get
2017年 7月 16日 日曜日 21:54:01 JST+tmp get
2017年 7月 16日 日曜日 21:55:53 JST+tmp get
2017年 7月 16日 日曜日 21:56:32 JST+tmp get
2017年 7月 16日 日曜日 21:58:10 JST+tmp get
2017年 7月 16日 日曜日 22:01:47 JST+tmp get
2017年 7月 17日 月曜日 06:30:00 JST+tmp get
2017年 7月 18日 火曜日 06:30:00 JST+tmp get
2017年 7月 18日 火曜日 14:43:00 JST+tmp get
2017年 7月 18日 火曜日 16:19:59 JST+tmp get
2017年 7月 18日 火曜日 17:51:24 JST+tmp get
2017年 7月 18日 火曜日 18:56:45 JST+tmp get
2017年 7月 19日 水曜日 06:30:00 JST+tmp get
2017年 7月 19日 水曜日 13:36:36 JST+tmp get
2017年 7月 19日 水曜日 16:35:26 JST+tmp get
2017年 7月 19日 水曜日 18:13:26 JST+tmp get
2017年 7月 20日 木曜日 06:30:00 JST+tmp get
2017年 7月 20日 木曜日 17:08:12 JST+tmp get
2017年 7月 20日 木曜日 17:30:46 JST+tmp get
2017年 7月 20日 木曜日 17:46:24 JST+tmp get
2017年 7月 21日 金曜日 06:30:00 JST+tmp get
2017年 7月 21日 金曜日 13:06:35 JST+tmp get
2017年 7月 21日 金曜日 14:33:50 JST+tmp get
2017年 7月 21日 金曜日 17:00:21 JST+tmp get
2017年 7月 21日 金曜日 17:56:03 JST+tmp get
2017年 7月 22日 土曜日 06:30:00 JST+tmp get
2017年 7月 23日 日曜日 06:30:00 JST+tmp get
2017年 7月 24日 月曜日 06:30:00 JST+tmp get
2017年 7月 24日 月曜日 18:05:31 JST+tmp get
2017年 7月 24日 月曜日 18:18:07 JST+tmp get
2017年 7月 25日 火曜日 06:30:00 JST+tmp get
2017年 7月 25日 火曜日 18:25:30 JST+tmp get
2017年 7月 25日 火曜日 18:40:28 JST+tmp get
2017年 7月 25日 火曜日 18:44:22 JST+tmp get
2017年 7月 25日 火曜日 19:03:54 JST+tmp get
2017年 7月 26日 水曜日 06:30:00 JST+tmp get
2017年 7月 26日 水曜日 10:46:36 JST+tmp get
2017年 7月 26日 水曜日 12:18:53 JST+tmp get
2017年 7月 26日 水曜日 13:23:41 JST+tmp get
2017年 7月 26日 水曜日 16:53:27 JST+tmp get
2017年 7月 26日 水曜日 18:13:48 JST+tmp get
2017年 7月 26日 水曜日 18:41:13 JST+tmp get
2017年 7月 27日 木曜日 06:30:00 JST+tmp get
2017年 7月 27日 木曜日 13:46:23 JST+tmp get
2017年 7月 27日 木曜日 16:43:47 JST+tmp get
2017年 7月 27日 木曜日 16:55:33 JST+tmp get
2017年 7月 27日 木曜日 17:23:14 JST+tmp get
2017年 7月 27日 木曜日 18:56:25 JST+tmp get
2017年 7月 28日 金曜日 06:30:00 JST+tmp get
2017年 7月 28日 金曜日 09:48:56 JST+tmp get
2017年 7月 28日 金曜日 17:02:34 JST+tmp get
2017年 7月 28日 金曜日 18:10:10 JST+tmp get
2017年 7月 28日 金曜日 18:10:48 JST+tmp get
2017年 7月 28日 金曜日 18:15:50 JST+tmp get
2017年 7月 29日 土曜日 06:30:00 JST+tmp get
2017年 7月 30日 日曜日 06:30:00 JST+tmp get
2017年 7月 31日 月曜日 06:30:00 JST+tmp get
2017年 7月 31日 月曜日 13:21:24 JST+tmp get
2017年 7月 31日 月曜日 18:02:36 JST+tmp get
2017年 8月 1日 火曜日 06:30:00 JST+tmp get
2017年 8月 1日 火曜日 15:10:54 JST+tmp get
2017年 8月 1日 火曜日 17:02:50 JST+tmp get
2017年 8月 1日 火曜日 17:45:09 JST+tmp get
2017年 8月 1日 火曜日 18:02:35 JST+tmp get
2017年 8月 1日 火曜日 19:37:15 JST+tmp get
2017年 8月 2日 水曜日 06:30:00 JST+tmp get
2017年 8月 2日 水曜日 11:03:32 JST+tmp get
2017年 8月 2日 水曜日 18:19:19 JST+tmp get
2017年 8月 2日 水曜日 18:24:01 JST+tmp get
2017年 8月 3日 木曜日 06:30:00 JST+tmp get
2017年 8月 3日 木曜日 15:51:16 JST+tmp get
2017年 8月 3日 木曜日 17:05:52 JST+tmp get
2017年 8月 4日 金曜日 06:30:00 JST+tmp get
2017年 8月 4日 金曜日 15:01:19 JST+tmp get
2017年 8月 4日 金曜日 15:18:43 JST+tmp get
2017年 8月 4日 金曜日 17:54:33 JST+tmp get
2017年 8月 4日 金曜日 17:57:40 JST+tmp get
2017年 8月 4日 金曜日 17:58:00 JST+tmp get
2017年 8月 5日 土曜日 06:30:00 JST+tmp get
2017年 8月 5日 土曜日 09:47:08 JST+tmp get
2017年 8月 5日 土曜日 10:43:48 JST+tmp get
2017年 8月 5日 土曜日 10:52:28 JST+tmp get
2017年 8月 5日 土曜日 11:13:46 JST+tmp get
2017年 8月 5日 土曜日 11:32:53 JST+tmp get
2017年 8月 5日 土曜日 12:15:54 JST+tmp get
2017年 8月 5日 土曜日 14:53:23 JST+tmp get
2017年 8月 5日 土曜日 17:46:02 JST+tmp get
2017年 8月 6日 日曜日 06:30:00 JST+tmp get
2017年 8月 7日 月曜日 06:30:00 JST+tmp get
2017年 8月 7日 月曜日 18:35:38 JST+tmp get
2017年 8月 8日 火曜日 06:30:00 JST+tmp get
2017年 8月 8日 火曜日 14:02:13 JST+tmp get
2017年 8月 8日 火曜日 17:48:22 JST+tmp get
2017年 8月 8日 火曜日 18:17:41 JST+tmp get
2017年 8月 9日 水曜日 06:54:52 JST+tmp get
2017年 8月 9日 水曜日 17:50:31 JST+tmp get
2017年 8月 10日 木曜日 06:30:00 JST+tmp get
2017年 8月 10日 木曜日 18:52:27 JST+tmp get
2017年 8月 11日 金曜日 06:30:00 JST+tmp get
2017年 8月 12日 土曜日 06:30:00 JST+tmp get
2017年 8月 12日 土曜日 12:27:04 JST+tmp get
2017年 8月 12日 土曜日 18:14:30 JST+tmp get
2017年 8月 13日 日曜日 06:30:00 JST+tmp get
2017年 8月 13日 日曜日 14:12:03 JST+tmp get
2017年 8月 13日 日曜日 14:39:53 JST+tmp get
2017年 8月 14日 月曜日 06:30:00 JST+tmp get
2017年 8月 14日 月曜日 11:14:05 JST+tmp get
2017年 8月 15日 火曜日 06:30:00 JST+tmp get
2017年 8月 15日 火曜日 18:45:10 JST+tmp get
2017年 8月 16日 水曜日 06:30:00 JST+tmp get
2017年 8月 17日 木曜日 15:29:52 JST+tmp get
2017年 8月 17日 木曜日 15:29:52 JST+tmp get
2017年 8月 17日 木曜日 15:30:29 JST+tmp get
2017年 8月 17日 木曜日 15:30:29 JST+tmp get
2017年 8月 17日 木曜日 18:00:21 JST+tmp get
2017年 8月 17日 木曜日 18:00:21 JST+tmp get
2017年 8月 17日 木曜日 18:27:41 JST+tmp get
2017年 8月 17日 木曜日 18:27:41 JST+tmp get
2017年 8月 17日 木曜日 22:24:58 JST+tmp get
2017年 8月 17日 木曜日 22:24:59 JST+tmp get
2017年 8月 17日 木曜日 22:29:10 JST+tmp get
2017年 8月 18日 金曜日 13:23:22 JST+tmp get
2017年 8月 18日 金曜日 15:57:12 JST+tmp get
2017年 8月 18日 金曜日 17:48:32 JST+tmp get
2017年 8月 18日 金曜日 17:51:38 JST+tmp get
2017年 8月 18日 金曜日 17:57:47 JST+tmp get
2017年 8月 18日 金曜日 18:00:47 JST+tmp get
2017年 8月 18日 金曜日 18:08:38 JST+tmp get
2017年 8月 20日 日曜日 17:29:58 JST+tmp get
2017年 8月 20日 日曜日 19:31:01 JST+tmp get
2017年 8月 21日 月曜日 13:36:04 JST+tmp get
2017年 8月 21日 月曜日 17:58:07 JST+tmp get
2017年 8月 21日 月曜日 18:37:16 JST+tmp get
2017年 8月 22日 火曜日 17:48:29 JST+tmp get
2017年 8月 22日 火曜日 18:00:34 JST+tmp get
2017年 8月 22日 火曜日 19:07:58 JST+tmp get
2017年 8月 23日 水曜日 17:33:39 JST+tmp get
2017年 8月 23日 水曜日 17:45:47 JST+tmp get
2017年 8月 23日 水曜日 18:38:32 JST+tmp get
2017年 8月 24日 木曜日 15:47:48 JST+tmp get
2017年 8月 24日 木曜日 17:14:34 JST+tmp get
2017年 8月 25日 金曜日 13:30:34 JST+tmp get
2017年 8月 25日 金曜日 17:46:47 JST+tmp get
2017年 8月 25日 金曜日 17:52:44 JST+tmp get
2017年 8月 28日 月曜日 13:10:09 JST+tmp get
2017年 8月 28日 月曜日 16:05:17 JST+tmp get
2017年 8月 28日 月曜日 17:51:10 JST+tmp get
2017年 8月 29日 火曜日 17:47:41 JST+tmp get
2017年 8月 29日 火曜日 18:06:46 JST+tmp get
2017年 8月 30日 水曜日 15:04:33 JST+tmp get
2017年 8月 30日 水曜日 18:08:55 JST+tmp get
2017年 9月 4日 月曜日 13:52:16 JST+tmp get
2017年 9月 4日 月曜日 17:59:14 JST+tmp get
2017年 9月 5日 火曜日 17:47:28 JST+tmp get
2017年 9月 8日 金曜日 13:22:08 JST+tmp get
2017年 9月 8日 金曜日 16:10:40 JST+tmp get
2017年 9月 11日 月曜日 17:46:41 JST+tmp get
2017年 9月 13日 水曜日 18:06:02 JST+tmp get
2017年 9月 19日 火曜日 19:23:28 JST+tmp get
2017年 9月 22日 金曜日 17:51:07 JST+tmp get
2017年 9月 24日 日曜日 12:15:16 JST+tmp get
2017年 9月 25日 月曜日 18:07:40 JST+tmp get
2017年 9月 26日 火曜日 07:31:29 JST+tmp get
2017年 10月 2日 月曜日 13:10:54 JST+tmp get
2017年 10月 7日 土曜日 16:34:36 JST+tmp get
2017年 10月 9日 月曜日 14:11:00 JST+tmp get
2017年 10月 9日 月曜日 14:15:12 JST+tmp get
2017年 10月 10日 火曜日 12:45:21 JST+tmp get
2017年 10月 23日 月曜日 12:46:25 JST+tmp get
2017年 11月 7日 火曜日 15:16:42 JST+tmp get
2017年 11月 14日 火曜日 23:25:23 JST+tmp get
2017年 11月 15日 水曜日 06:30:01 JST+tmp get
2017年 11月 15日 水曜日 12:56:05 JST+tmp get
2017年 11月 16日 木曜日 06:30:01 JST+tmp get
2017年 11月 17日 金曜日 06:30:00 JST+tmp get
2017年 11月 17日 金曜日 06:39:56 JST+tmp get
2017年 11月 17日 金曜日 18:27:25 JST+tmp get
2017年 11月 18日 土曜日 06:30:00 JST+tmp get
2017年 11月 18日 土曜日 19:34:40 JST+tmp get
2017年 11月 19日 日曜日 06:30:00 JST+tmp get
2017年 11月 19日 日曜日 06:46:18 JST+tmp get
2017年 11月 20日 月曜日 06:30:01 JST+tmp get
2017年 11月 21日 火曜日 06:30:01 JST+tmp get
2017年 11月 21日 火曜日 17:51:09 JST+tmp get
2017年 11月 22日 水曜日 06:30:01 JST+tmp get
2017年 11月 22日 水曜日 06:55:03 JST+tmp get
2017年 11月 23日 木曜日 06:30:01 JST+tmp get
2017年 11月 23日 木曜日 07:53:21 JST+tmp get
2017年 11月 24日 金曜日 06:30:01 JST+tmp get
2017年 11月 25日 土曜日 06:30:01 JST+tmp get
2017年 11月 26日 日曜日 07:22:05 JST+tmp get
2017年 11月 27日 月曜日 06:30:00 JST+tmp get
2017年 11月 28日 火曜日 06:30:00 JST+tmp get
2017年 11月 29日 水曜日 06:30:00 JST+tmp get
2017年 11月 30日 木曜日 06:30:00 JST+tmp get
2017年 12月 1日 金曜日 06:30:01 JST+tmp get
2017年 12月 2日 土曜日 06:30:01 JST+tmp get
2017年 12月 2日 土曜日 06:49:21 JST+tmp get
2017年 12月 2日 土曜日 06:54:19 JST+tmp get
2017年 12月 4日 月曜日 06:30:00 JST+tmp get
2017年 12月 5日 火曜日 06:30:00 JST+tmp get
2017年 12月 6日 水曜日 06:30:00 JST+tmp get
2017年 12月 7日 木曜日 06:30:00 JST+tmp get
2017年 12月 8日 金曜日 06:30:00 JST+tmp get
2017年 12月 9日 土曜日 06:30:00 JST+tmp get
2017年 12月 9日 土曜日 06:33:22 JST+tmp get
2017年 12月 9日 土曜日 06:45:22 JST+tmp get
2017年 12月 10日 日曜日 06:30:00 JST+tmp get
2017年 12月 11日 月曜日 06:30:00 JST+tmp get
2017年 12月 12日 火曜日 06:30:00 JST+tmp get
2017年 12月 13日 水曜日 06:30:00 JST+tmp get
2017年 12月 14日 木曜日 06:30:00 JST+tmp get
2017年 12月 15日 金曜日 06:30:00 JST+tmp get
2017年 12月 15日 金曜日 06:37:09 JST+tmp get
2017年 12月 18日 月曜日 06:30:00 JST+tmp get
2017年 12月 18日 月曜日 13:07:03 JST+tmp get
2017年 12月 19日 火曜日 06:30:00 JST+tmp get
2017年 12月 20日 水曜日 06:30:00 JST+tmp get
2017年 12月 21日 木曜日 06:30:00 JST+tmp get
2017年 12月 21日 木曜日 06:43:17 JST+tmp get
2017年 12月 22日 金曜日 06:30:00 JST+tmp get
2017年 12月 25日 月曜日 06:30:00 JST+tmp get
2017年 12月 26日 火曜日 06:30:00 JST+tmp get
2017年 12月 27日 水曜日 06:30:00 JST+tmp get
2017年 12月 28日 木曜日 06:30:00 JST+tmp get
2017年 12月 29日 金曜日 06:30:00 JST+tmp get
2017年 12月 29日 金曜日 16:53:59 JST+tmp get
2017年 12月 30日 土曜日 06:30:00 JST+tmp get
2017年 12月 31日 日曜日 06:30:00 JST+tmp get
2018年 1月 1日 月曜日 09:23:52 JST+tmp get
2018年 1月 1日 月曜日 17:06:14 JST+tmp get
2018年 1月 2日 火曜日 07:01:59 JST+tmp get
2018年 1月 2日 火曜日 09:10:51 JST+tmp get
2018年 1月 2日 火曜日 11:30:10 JST+tmp get
2018年 1月 2日 火曜日 13:15:53 JST+tmp get
2018年 1月 4日 木曜日 07:22:10 JST+tmp get
2018年 1月 5日 金曜日 06:30:00 JST+tmp get
2018年 1月 6日 土曜日 06:30:00 JST+tmp get
2018年 1月 7日 日曜日 07:11:39 JST+tmp get
2018年 1月 7日 日曜日 16:37:41 JST+tmp get
2018年 1月 8日 月曜日 09:57:23 JST+tmp get
2018年 1月 8日 月曜日 11:08:54 JST+tmp get
2018年 1月 9日 火曜日 06:30:00 JST+tmp get
2018年 1月 10日 水曜日 06:30:00 JST+tmp get
2018年 1月 11日 木曜日 06:30:00 JST+tmp get
2018年 1月 11日 木曜日 06:39:45 JST+tmp get
2018年 1月 12日 金曜日 06:30:00 JST+tmp get
2018年 1月 12日 金曜日 06:52:22 JST+tmp get
2018年 1月 13日 土曜日 06:30:00 JST+tmp get
2018年 1月 13日 土曜日 07:00:49 JST+tmp get
2018年 1月 13日 土曜日 14:07:17 JST+tmp get
2018年 1月 14日 日曜日 06:30:01 JST+tmp get
2018年 1月 16日 火曜日 06:30:00 JST+tmp get
2018年 1月 16日 火曜日 06:50:29 JST+tmp get
2018年 1月 17日 水曜日 06:30:00 JST+tmp get
2018年 1月 18日 木曜日 06:30:00 JST+tmp get
2018年 1月 19日 金曜日 06:30:00 JST+tmp get
2018年 1月 20日 土曜日 06:30:00 JST+tmp get
2018年 1月 22日 月曜日 06:30:01 JST+tmp get
2018年 1月 23日 火曜日 06:30:01 JST+tmp get
2018年 1月 23日 火曜日 14:37:54 JST+tmp get
2018年 1月 24日 水曜日 06:30:01 JST+tmp get
2018年 1月 24日 水曜日 19:38:26 JST+tmp get
2018年 1月 24日 水曜日 19:48:06 JST+tmp get
2018年 1月 25日 木曜日 06:30:01 JST+tmp get
2018年 1月 26日 金曜日 06:30:01 JST+tmp get
2018年 1月 27日 土曜日 06:30:01 JST+tmp get
2018年 1月 29日 月曜日 06:30:00 JST+tmp get
2018年 1月 30日 火曜日 06:30:00 JST+tmp get
2018年 1月 30日 火曜日 06:53:36 JST+tmp get
2018年 1月 31日 水曜日 06:30:00 JST+tmp get
2018年 1月 31日 水曜日 06:39:16 JST+tmp get
2018年 2月 1日 木曜日 06:30:00 JST+tmp get
2018年 2月 2日 金曜日 06:30:00 JST+tmp get
2018年 2月 3日 土曜日 06:30:00 JST+tmp get
2018年 2月 4日 日曜日 06:30:00 JST+tmp get
2018年 2月 4日 日曜日 07:20:13 JST+tmp get
2018年 2月 5日 月曜日 06:30:00 JST+tmp get
2018年 2月 6日 火曜日 06:30:00 JST+tmp get
2018年 2月 6日 火曜日 06:37:47 JST+tmp get
2018年 2月 7日 水曜日 06:30:01 JST+tmp get
2018年 2月 7日 水曜日 06:49:56 JST+tmp get
2018年 2月 7日 水曜日 06:59:02 JST+tmp get
2018年 2月 8日 木曜日 06:30:00 JST+tmp get
2018年 2月 9日 金曜日 06:30:00 JST+tmp get
2018年 2月 9日 金曜日 06:40:06 JST+tmp get
2018年 2月 10日 土曜日 06:30:00 JST+tmp get
2018年 2月 19日 月曜日 06:30:00 JST+tmp get
2018年 2月 20日 火曜日 06:30:00 JST+tmp get
2018年 2月 21日 水曜日 06:30:00 JST+tmp get
2018年 2月 22日 木曜日 06:30:00 JST+tmp get
2018年 2月 23日 金曜日 06:30:00 JST+tmp get
2018年 2月 24日 土曜日 06:30:00 JST+tmp get
2018年 2月 26日 月曜日 06:30:00 JST+tmp get
2018年 2月 27日 火曜日 06:30:00 JST+tmp get
2018年 2月 28日 水曜日 06:30:00 JST+tmp get
2018年 3月 1日 木曜日 06:30:00 JST+tmp get
2018年 3月 2日 金曜日 06:30:00 JST+tmp get
2018年 3月 3日 土曜日 06:30:00 JST+tmp get
2018年 3月 5日 月曜日 06:30:00 JST+tmp get
2018年 3月 6日 火曜日 06:30:00 JST+tmp get
2018年 3月 7日 水曜日 06:30:00 JST+tmp get
2018年 3月 8日 木曜日 06:30:00 JST+tmp get
2018年 3月 8日 木曜日 22:48:47 JST+tmp get
2018年 3月 9日 金曜日 06:30:00 JST+tmp get
2018年 3月 10日 土曜日 06:30:00 JST+tmp get
2018年 3月 12日 月曜日 06:30:00 JST+tmp get
2018年 3月 12日 月曜日 10:37:53 JST+tmp get
2018年 3月 13日 火曜日 06:30:00 JST+tmp get
2018年 3月 13日 火曜日 12:03:59 JST+tmp get
2018年 3月 14日 水曜日 06:30:00 JST+tmp get
2018年 3月 15日 木曜日 06:30:00 JST+tmp get
2018年 3月 16日 金曜日 06:30:00 JST+tmp get
2018年 3月 17日 土曜日 06:30:00 JST+tmp get
2018年 3月 18日 日曜日 06:30:00 JST+tmp get
2018年 3月 19日 月曜日 06:30:00 JST+tmp get
2018年 3月 20日 火曜日 06:30:00 JST+tmp get
2018年 3月 21日 水曜日 08:23:19 JST+tmp get
2018年 3月 22日 木曜日 06:30:00 JST+tmp get
2018年 3月 23日 金曜日 06:30:00 JST+tmp get
2018年 3月 24日 土曜日 06:30:00 JST+tmp get
2018年 3月 26日 月曜日 12:11:54 JST+tmp get
2018年 3月 31日 土曜日 18:46:28 JST+tmp get
2018年 4月 1日 日曜日 07:26:50 JST+tmp get
2018年 4月 24日 火曜日 09:40:46 JST+tmp get
2018年 5月 4日 金曜日 16:03:36 JST+tmp get
2018年 5月 4日 金曜日 16:44:19 JST+tmp get
2018年 5月 4日 金曜日 21:08:42 JST+tmp get
2018年 5月 4日 金曜日 21:12:38 JST+tmp get
2018年 5月 4日 金曜日 21:14:17 JST+tmp get
2018年 5月 4日 金曜日 21:15:34 JST+tmp get
2018年 5月 7日 月曜日 10:27:22 JST+tmp get
2018年 5月 17日 木曜日 11:22:28 JST+tmp get
2018年 5月 18日 金曜日 13:43:03 JST+tmp get
2018年 5月 18日 金曜日 13:43:21 JST+tmp get
2018年 5月 23日 水曜日 14:09:02 JST+tmp get
2018年 5月 29日 火曜日 12:45:18 JST+tmp get
2018年 5月 30日 水曜日 12:23:56 JST+tmp get
2018年 5月 30日 水曜日 16:09:31 JST+tmp get
2018年 5月 31日 木曜日 18:03:45 JST+tmp get
2018年 6月 4日 月曜日 15:34:07 JST+tmp get
2018年 6月 5日 火曜日 17:41:58 JST+tmp get
2018年 6月 8日 金曜日 15:55:41 JST+tmp get
2018年 6月 20日 水曜日 17:12:44 JST+tmp get
2018年 6月 21日 木曜日 12:29:27 JST+tmp get
2018年 6月 28日 木曜日 12:39:59 JST+tmp get
2018年 7月 2日 月曜日 12:01:54 JST+tmp get
2018年 7月 2日 月曜日 17:47:08 JST+tmp get
2018年 7月 2日 月曜日 19:09:11 JST+tmp get
2018年 7月 2日 月曜日 19:48:06 JST+tmp get
2018年 7月 3日 火曜日 13:13:39 JST+tmp get
2018年 7月 3日 火曜日 15:05:07 JST+tmp get
2018年 7月 3日 火曜日 17:27:08 JST+tmp get
2018年 7月 9日 月曜日 15:14:49 JST+tmp get
2018年 7月 9日 月曜日 15:15:19 JST+tmp get
2018年 7月 9日 月曜日 15:15:37 JST+tmp get
2018年 7月 9日 月曜日 18:24:33 JST+tmp get
2018年 7月 10日 火曜日 07:46:04 JST+tmp get
2018年 7月 10日 火曜日 14:14:08 JST+tmp get
2018年 7月 10日 火曜日 16:51:37 JST+tmp get
2018年 7月 10日 火曜日 18:07:57 JST+tmp get
2018年 7月 10日 火曜日 18:29:17 JST+tmp get
2018年 7月 10日 火曜日 18:56:14 JST+tmp get
2018年 7月 10日 火曜日 19:09:16 JST+tmp get
2018年 7月 10日 火曜日 19:27:55 JST+tmp get
2018年 7月 11日 水曜日 12:26:17 JST+tmp get
2018年 7月 11日 水曜日 17:05:14 JST+tmp get
2018年 7月 11日 水曜日 18:10:40 JST+tmp get
2018年 7月 12日 木曜日 12:41:43 JST+tmp get
2018年 7月 12日 木曜日 15:58:03 JST+tmp get
2018年 7月 12日 木曜日 16:18:59 JST+tmp get
2018年 7月 12日 木曜日 16:28:40 JST+tmp get
2018年 7月 13日 金曜日 12:35:57 JST+tmp get
2018年 7月 13日 金曜日 13:37:18 JST+tmp get
2018年 7月 13日 金曜日 15:19:32 JST+tmp get
2018年 7月 13日 金曜日 17:38:24 JST+tmp get
2018年 7月 13日 金曜日 21:59:51 JST+tmp get
2018年 7月 13日 金曜日 22:00:34 JST+tmp get
2018年 7月 16日 月曜日 14:24:44 JST+tmp get
2018年 7月 16日 月曜日 14:29:43 JST+tmp get
2018年 7月 16日 月曜日 14:41:29 JST+tmp get
2018年 7月 17日 火曜日 09:58:36 JST+tmp get
2018年 7月 17日 火曜日 13:04:03 JST+tmp get
2018年 7月 17日 火曜日 14:05:44 JST+tmp get
2018年 7月 17日 火曜日 15:54:15 JST+tmp get
2018年 7月 17日 火曜日 16:34:56 JST+tmp get
2018年 7月 17日 火曜日 18:16:30 JST+tmp get
2018年 7月 17日 火曜日 19:09:44 JST+tmp get
2018年 7月 18日 水曜日 15:11:54 JST+tmp get
2018年 7月 19日 木曜日 14:46:05 JST+tmp get
2018年 7月 19日 木曜日 16:12:31 JST+tmp get
2018年 7月 20日 金曜日 10:31:14 JST+tmp get
2018年 7月 20日 金曜日 14:03:16 JST+tmp get
2018年 7月 20日 金曜日 14:47:59 JST+tmp get
2018年 7月 20日 金曜日 16:48:31 JST+tmp get
2018年 7月 20日 金曜日 17:43:48 JST+tmp get
2018年 7月 20日 金曜日 18:16:00 JST+tmp get
2018年 7月 23日 月曜日 12:12:58 JST+tmp get
2018年 7月 23日 月曜日 13:50:12 JST+tmp get
2018年 7月 23日 月曜日 16:29:41 JST+tmp get
2018年 7月 24日 火曜日 14:54:59 JST+tmp get
2018年 7月 24日 火曜日 15:43:34 JST+tmp get
2018年 7月 24日 火曜日 16:09:34 JST+tmp get
2018年 7月 25日 水曜日 15:37:39 JST+tmp get
2018年 7月 26日 木曜日 12:09:30 JST+tmp get
2018年 7月 26日 木曜日 13:05:15 JST+tmp get
2018年 7月 26日 木曜日 14:10:23 JST+tmp get
2018年 7月 26日 木曜日 14:55:49 JST+tmp get
2018年 7月 26日 木曜日 16:18:32 JST+tmp get
2018年 7月 26日 木曜日 16:36:40 JST+tmp get
2018年 7月 26日 木曜日 17:05:52 JST+tmp get
2018年 7月 26日 木曜日 17:24:24 JST+tmp get
2018年 7月 26日 木曜日 17:33:52 JST+tmp get
2018年 7月 27日 金曜日 11:43:56 JST+tmp get
2018年 7月 27日 金曜日 14:31:57 JST+tmp get
2018年 7月 27日 金曜日 17:06:57 JST+tmp get
2018年 7月 30日 月曜日 12:11:38 JST+tmp get
2018年 7月 30日 月曜日 16:14:11 JST+tmp get
2018年 7月 31日 火曜日 17:03:52 JST+tmp get
2018年 8月 1日 水曜日 15:05:54 JST+tmp get
2018年 8月 1日 水曜日 15:06:08 JST+tmp get
2018年 8月 1日 水曜日 16:22:10 JST+tmp get
2018年 8月 2日 木曜日 12:14:17 JST+tmp get
2018年 8月 2日 木曜日 13:22:54 JST+tmp get
2018年 8月 2日 木曜日 15:37:21 JST+tmp get
2018年 8月 3日 金曜日 12:04:37 JST+tmp get
